TN:
SF:/Users/jasmineamber/cruise-ships/src/cruise-ships.js
FN:1,CruiseShip
FN:9,setSail
FN:14,dock
FNF:3
FNH:3
FNDA:7,CruiseShip
FNDA:2,setSail
FNDA:2,dock
DA:2,7
DA:3,7
DA:4,7
DA:5,7
DA:8,1
DA:10,2
DA:11,2
DA:12,2
DA:15,2
DA:16,2
DA:17,2
DA:21,1
LF:12
LH:12
BRF:0
BRH:0
end_of_record
TN:
SF:/Users/jasmineamber/cruise-ships/src/itinerary.js
FN:1,Itinerary
FNF:1
FNH:1
FNDA:1,Itinerary
DA:2,1
DA:5,2
LF:2
LH:2
BRF:0
BRH:0
end_of_record
TN:
SF:/Users/jasmineamber/cruise-ships/src/port.js
FN:1,Port
FN:7,addShip
FN:10,removeShip
FNF:3
FNH:3
FNDA:5,Port
FNDA:3,addShip
FNDA:1,removeShip
DA:2,5
DA:3,5
DA:6,3
DA:8,3
DA:11,1
DA:12,1
DA:16,3
LF:7
LH:7
BRF:0
BRH:0
end_of_record
